<?xml version="1.0" encoding="UTF-8"?>
<!-- Generated by org.testng.reporters.JUnitReportReporter -->
<testsuite skipped="0" hostname="AI849722" name="runners.TestRunner" tests="1" failures="0" timestamp="13 Feb 2019 13:20:00 GMT" time="22.219" errors="0">
  <testcase name="feature" time="22.219" classname="runners.TestRunner"/>
</testsuite> <!-- runners.TestRunner -->
