<?xml version="1.0" encoding="UTF-8"?>
<!-- Generated by org.testng.reporters.JUnitReportReporter -->
<testsuite skipped="0" hostname="AI849722" name="runners.TestRunner" tests="1" failures="0" timestamp="10 Feb 2019 16:19:23 GMT" time="38.838" errors="0">
  <testcase name="feature" time="38.838" classname="runners.TestRunner"/>
</testsuite> <!-- runners.TestRunner -->
