<?xml version="1.0" encoding="UTF-8"?>
<!-- Generated by org.testng.reporters.JUnitReportReporter -->
<testsuite skipped="0" hostname="AI849722" name="runners.TestRunner" tests="1" failures="0" timestamp="13 Feb 2019 14:47:57 GMT" time="42.602" errors="0">
  <testcase name="feature" time="42.602" classname="runners.TestRunner"/>
</testsuite> <!-- runners.TestRunner -->
